<?xml version="1.0" encoding="UTF-8"?>
<testng-results skipped="0" failed="0" ignored="0" total="1" passed="1">
  <reporter-output>
  </reporter-output>
  <suite name="Default suite" duration-ms="35961" started-at="2019-12-03T20:31:54 CET" finished-at="2019-12-03T20:32:30 CET">
    <groups>
    </groups>
    <test name="Default test" duration-ms="35961" started-at="2019-12-03T20:31:54 CET" finished-at="2019-12-03T20:32:30 CET">
      <class name="tests.EditSettingsTest">
        <test-method status="PASS" signature="setup()[pri:0, instance:tests.EditSettingsTest@3b0143d3]" name="setup" is-config="true" duration-ms="28343" started-at="2019-12-03T20:31:54 CET" finished-at="2019-12-03T20:32:23 CET">
          <reporter-output>
          </reporter-output>
        </test-method> <!-- setup -->
        <test-method status="PASS" signature="editSettings()[pri:0, instance:tests.EditSettingsTest@3b0143d3]" name="editSettings" duration-ms="7549" started-at="2019-12-03T20:32:23 CET" finished-at="2019-12-03T20:32:30 CET">
          <reporter-output>
          </reporter-output>
        </test-method> <!-- editSettings -->
        <test-method status="PASS" signature="quit()[pri:0, instance:tests.EditSettingsTest@3b0143d3]" name="quit" is-config="true" duration-ms="0" started-at="2019-12-03T20:32:30 CET" finished-at="2019-12-03T20:32:30 CET">
          <reporter-output>
          </reporter-output>
        </test-method> <!-- quit -->
      </class> <!-- tests.EditSettingsTest -->
    </test> <!-- Default test -->
  </suite> <!-- Default suite -->
</testng-results>
